database aln                                      : /mnt/scratch/nfs_fs02/agave/mnt/scratch/nfs_fs02/agave/shayle/job-7087127455606763030-242ac114-0001-007-mcl19_summer_20200809_shayle-16s-pipeline/databases/silva.nr_v132.align
database tax                                      : /mnt/scratch/nfs_fs02/agave/mnt/scratch/nfs_fs02/agave/shayle/job-7087127455606763030-242ac114-0001-007-mcl19_summer_20200809_shayle-16s-pipeline/databases/silva.full_v132.tax
single end                                        : false
min reads per sample                              : 50
min read length                                   : 20
read truncation                                   : 250,110
max number of expected errors                     : 3
quality truncation                                : 2
keep phix genome                                  : false
min overlap for merging                           : 20
max mismatches for merging                        : 1
Percentile for start/end contig filtering         : 95
Minimum contig alignment length against db        : 50
Filtered taxa                                     : unknown;-Bacteria;Proteobacteria;Alphaproteobacteria;Rickettsiales;Mitochondria;-Bacteria;Cyanobacteria;Oxyphotobacteria;Chloroplast;
Skip subsampling                                  : false
Subsampling                                       : 3000
clustering similarity thresholds                  : 100,97
Min OTU abundace filter                           : 2
Lulu ratio type                                   : min
Lulu parent/daughter min similarity               : 97
Lulu parent/daughter min abundance ratio          : 1
Lulu parent/daughter min co-occurrence            : 1